<?xml version="1.0" encoding="UTF-8"?>
<testng-results ignored="0" total="3" passed="3" failed="0" skipped="0">
  <reporter-output>
  </reporter-output>
  <suite started-at="2019-10-03T16:56:33Z" name="TestSuite" finished-at="2019-10-03T16:56:43Z" duration-ms="9825">
    <groups>
    </groups>
    <test started-at="2019-10-03T16:56:33Z" name="Test" finished-at="2019-10-03T16:56:43Z" duration-ms="9825">
      <class name="EmployeeAPITest">
        <test-method signature="positiveScenario()[pri:1, instance:EmployeeAPITest@313ac989]" started-at="2019-10-03T16:56:33Z" name="positiveScenario" finished-at="2019-10-03T16:56:40Z" duration-ms="6900" status="PASS">
          <reporter-output>
          </reporter-output>
        </test-method> <!-- positiveScenario -->
        <test-method is-config="true" signature="afterClass()[pri:0, instance:EmployeeAPITest@313ac989]" started-at="2019-10-03T16:56:40Z" name="afterClass" finished-at="2019-10-03T16:56:41Z" duration-ms="202" status="PASS">
          <reporter-output>
          </reporter-output>
        </test-method> <!-- afterClass -->
        <test-method signature="negativeScenarioDeleteBeforeSearching()[pri:2, instance:EmployeeAPITest@313ac989]" started-at="2019-10-03T16:56:41Z" name="negativeScenarioDeleteBeforeSearching" finished-at="2019-10-03T16:56:43Z" duration-ms="2237" status="PASS">
          <reporter-output>
          </reporter-output>
        </test-method> <!-- negativeScenarioDeleteBeforeSearching -->
        <test-method is-config="true" signature="afterClass()[pri:0, instance:EmployeeAPITest@313ac989]" started-at="2019-10-03T16:56:43Z" name="afterClass" finished-at="2019-10-03T16:56:43Z" duration-ms="51" status="PASS">
          <reporter-output>
          </reporter-output>
        </test-method> <!-- afterClass -->
        <test-method signature="negativeScenarioGetEmployeeWithIncorrectID()[pri:3, instance:EmployeeAPITest@313ac989]" started-at="2019-10-03T16:56:43Z" name="negativeScenarioGetEmployeeWithIncorrectID" finished-at="2019-10-03T16:56:43Z" duration-ms="349" status="PASS">
          <reporter-output>
          </reporter-output>
        </test-method> <!-- negativeScenarioGetEmployeeWithIncorrectID -->
        <test-method is-config="true" signature="afterClass()[pri:0, instance:EmployeeAPITest@313ac989]" started-at="2019-10-03T16:56:43Z" name="afterClass" finished-at="2019-10-03T16:56:43Z" duration-ms="56" status="PASS">
          <reporter-output>
          </reporter-output>
        </test-method> <!-- afterClass -->
      </class> <!-- EmployeeAPITest -->
    </test> <!-- Test -->
  </suite> <!-- TestSuite -->
</testng-results>
