<?xml version="1.0" encoding="UTF-8"?>
<!-- Generated by org.testng.reporters.JUnitXMLReporter -->
<testsuite ignored="0" hostname="DMPCPC0Q1BL3" failures="0" tests="3" name="Test" time="9.825" errors="0" timestamp="03 Oct 2019 16:56:43 GMT">
  <testcase classname="EmployeeAPITest" name="positiveScenario" time="6.9"/>
  <testcase classname="EmployeeAPITest" name="negativeScenarioDeleteBeforeSearching" time="2.237"/>
  <testcase classname="EmployeeAPITest" name="negativeScenarioGetEmployeeWithIncorrectID" time="0.349"/>
</testsuite> <!-- Test -->
