<?xml version="1.0" encoding="UTF-8"?>
<!-- Generated by org.testng.reporters.JUnitXMLReporter -->
<testsuite ignored="0" hostname="DMPCPC0Q1BL3" failures="0" tests="3" name="Test" time="9.45" errors="0" timestamp="02 Oct 2019 22:28:43 GMT">
  <testcase classname="EmployeeAPITest" name="positiveScenario" time="6.63"/>
  <testcase classname="EmployeeAPITest" name="negativeScenarioDeleteBeforeSearching" time="2.477"/>
  <testcase classname="EmployeeAPITest" name="negativeScenarioGetEmployeeWithIncorrectID" time="0.29"/>
</testsuite> <!-- Test -->
