<?xml version="1.0" encoding="UTF-8"?>
<!-- Generated by org.testng.reporters.JUnitXMLReporter -->
<testsuite ignored="0" hostname="DMPCPC0Q1BL3" failures="0" tests="3" name="Tst" time="10.169" errors="0" timestamp="02 Oct 2019 22:17:08 GMT">
  <testcase classname="EmployeeAPITest" name="positiveScenario" time="7.117"/>
  <testcase classname="EmployeeAPITest" name="negativeScenarioDeleteBeforeSearching" time="2.67"/>
  <testcase classname="EmployeeAPITest" name="negativeScenarioGetEmployeeWithIncorrectID" time="0.337"/>
</testsuite> <!-- Tst -->
